Using pre-set license
Built from '2020.2/release' branch; Version is '2020.2.1f1 (270dd8c3da1c) revision 2559448'; Using compiler version '192528614'; Build Type 'Release'
OS: 'Windows 10  (10.0.0) 64bit' Language: 'en' Physical Memory: 16231 MB
BatchMode: 1, IsHumanControllingUs: 0, StartBugReporterOnCrash: 0, Is64bit: 1, IsPro: 0

 COMMAND LINE ARGUMENTS:
D:\Program Files (x86)\2020.2.1f1\Editor\Unity.exe
-adb2
-batchMode
-noUpm
-name
AssetImportWorker0
-projectPath
C:/Users/joelh/Downloads/MetroX/MetroXProject2
-logFile
Logs/AssetImportWorker0.log
-srvPort
60151
Successfully changed project path to: C:/Users/joelh/Downloads/MetroX/MetroXProject2
C:/Users/joelh/Downloads/MetroX/MetroXProject2
Using Asset Import Pipeline V2.
Refreshing native plugins compatible for Editor in 36.00 ms, found 0 plugins.
Preloading 0 native plugins for Editor in 0.00 ms.
Initialize engine version: 2020.2.1f1 (270dd8c3da1c)
[Subsystems] Discovering subsystems at path D:/Program Files (x86)/2020.2.1f1/Editor/Data/Resources/UnitySubsystems
[Subsystems] Discovering subsystems at path C:/Users/joelh/Downloads/MetroX/MetroXProject2/Assets
GfxDevice: creating device client; threaded=0
Direct3D:
    Version:  Direct3D 11.0 [level 11.1]
    Renderer: NVIDIA GeForce GTX 1660 Ti (ID=0x2191)
    Vendor:   
    VRAM:     5991 MB
    Driver:   27.21.14.5167
Initialize mono
Mono path[0] = 'D:/Program Files (x86)/2020.2.1f1/Editor/Data/Managed'
Mono path[1] = 'D:/Program Files (x86)/2020.2.1f1/Editor/Data/MonoBleedingEdge/lib/mono/unityjit'
Mono config path = 'D:/Program Files (x86)/2020.2.1f1/Editor/Data/MonoBleedingEdge/etc'
Using monoOptions --debugger-agent=transport=dt_socket,embedding=1,server=y,suspend=n,address=127.0.0.1:56696
Begin MonoManager ReloadAssembly
Registering precompiled unity dll's ...
Register platform support module: D:/Program Files (x86)/2020.2.1f1/Editor/Data/PlaybackEngines/WindowsStandaloneSupport/UnityEditor.WindowsStandalone.Extensions.dll
Registered in 0.000852 seconds.
Native extension for WindowsStandalone target not found
Refreshing native plugins compatible for Editor in 20.52 ms, found 0 plugins.
Preloading 0 native plugins for Editor in 0.00 ms.
Invoked RoslynAnalysisRunner static constructor.
RoslynAnalysisRunner will not be running.
RoslynAnalysisRunner has terminated.
Mono: successfully reloaded assembly
- Completed reload, in  0.808 seconds
Platform modules already initialized, skipping
Registering precompiled user dll's ...
Registered in 0.000677 seconds.
Begin MonoManager ReloadAssembly
Native extension for WindowsStandalone target not found
Refreshing native plugins compatible for Editor in 0.25 ms, found 0 plugins.
Preloading 0 native plugins for Editor in 0.00 ms.
Invoked RoslynAnalysisRunner static constructor.
RoslynAnalysisRunner will not be running.
RoslynAnalysisRunner has terminated.
Mono: successfully reloaded assembly
- Completed reload, in  0.815 seconds
Platform modules already initialized, skipping
========================================================================
Worker process is ready to serve import requests
Launched and connected shader compiler UnityShaderCompiler.exe after 0.05 seconds
Refreshing native plugins compatible for Editor in 0.50 ms, found 0 plugins.
Preloading 0 native plugins for Editor in 0.00 ms.
Unloading 1116 Unused Serialized files (Serialized files now loaded: 0)
System memory in use before: 56.5 MB.
System memory in use after: 56.5 MB.

Unloading 9 unused Assets to reduce memory usage. Loaded Objects now: 1553.
Total: 3.435000 ms (FindLiveObjects: 0.232200 ms CreateObjectMapping: 0.160900 ms MarkObjects: 2.968800 ms  DeleteObjects: 0.070500 ms)

========================================================================
Received Import Request.
  path: Assets/FillBox.prefab
  artifactKey: Guid(059bed75b940c704f96e5b4a98ea4b77) Importer(815301076,1909f56bfc062723c751e8b465ee728b)
Start importing Assets/FillBox.prefab using Guid(059bed75b940c704f96e5b4a98ea4b77) Importer(815301076,1909f56bfc062723c751e8b465ee728b)  -> (artifact id: 'd1e3b284fd4514503f3ac767f184aa8c') in 0.234041 seconds
  Import took 0.236139 seconds .

========================================================================
Received Import Request.
  Time since last request: 0.000565 seconds.
  path: Assets/download.png
  artifactKey: Guid(44a68170fc4758949b537ad874a8c098) Importer(815301076,1909f56bfc062723c751e8b465ee728b)
Start importing Assets/download.png using Guid(44a68170fc4758949b537ad874a8c098) Importer(815301076,1909f56bfc062723c751e8b465ee728b)  -> (artifact id: '5771fa98090923b3f9353d43f07f4b8c') in 0.146058 seconds
  Import took 0.148829 seconds .

========================================================================
Received Import Request.
  Time since last request: 0.000538 seconds.
  path: Assets/TokyoMapPlayer.prefab
  artifactKey: Guid(05b29ab2dedca2045840a78cda9987d7) Importer(815301076,1909f56bfc062723c751e8b465ee728b)
Start importing Assets/TokyoMapPlayer.prefab using Guid(05b29ab2dedca2045840a78cda9987d7) Importer(815301076,1909f56bfc062723c751e8b465ee728b)  -> (artifact id: 'd8f8e0990f86d005a0a7961ba57f2068') in 0.119906 seconds
  Import took 0.125798 seconds .

========================================================================
Received Import Request.
  Time since last request: 0.000210 seconds.
  path: Assets/TrainLine.prefab
  artifactKey: Guid(dd956ac98be4ce84d8608a69bbedab78) Importer(815301076,1909f56bfc062723c751e8b465ee728b)
Start importing Assets/TrainLine.prefab using Guid(dd956ac98be4ce84d8608a69bbedab78) Importer(815301076,1909f56bfc062723c751e8b465ee728b)  -> (artifact id: 'cc9136c98d7a5427e9f21505899e1f3a') in 0.010978 seconds
  Import took 0.012974 seconds .

========================================================================
Received Import Request.
  Time since last request: 0.000219 seconds.
  path: Assets/StationBox.prefab
  artifactKey: Guid(5e6c87c57d93854489f5bdbf0a911723) Importer(815301076,1909f56bfc062723c751e8b465ee728b)
Start importing Assets/StationBox.prefab using Guid(5e6c87c57d93854489f5bdbf0a911723) Importer(815301076,1909f56bfc062723c751e8b465ee728b)  -> (artifact id: '05fc9738e6d62693a8914c50c1f1112e') in 0.024493 seconds
  Import took 0.026673 seconds .

========================================================================
Received Import Request.
  Time since last request: 0.000185 seconds.
  path: Assets/CardDraw.prefab
  artifactKey: Guid(27c909e7587a29b45abb402c8b9ecc5d) Importer(815301076,1909f56bfc062723c751e8b465ee728b)
Start importing Assets/CardDraw.prefab using Guid(27c909e7587a29b45abb402c8b9ecc5d) Importer(815301076,1909f56bfc062723c751e8b465ee728b)  -> (artifact id: '732543e677cd2900abbabcc7a7fe9271') in 0.023101 seconds
  Import took 0.025227 seconds .

========================================================================
Received Import Request.
  Time since last request: 0.000224 seconds.
  path: Assets/DrawScore.prefab
  artifactKey: Guid(2bec897732ddd3c4182a4c41c99ca4ee) Importer(815301076,1909f56bfc062723c751e8b465ee728b)
Start importing Assets/DrawScore.prefab using Guid(2bec897732ddd3c4182a4c41c99ca4ee) Importer(815301076,1909f56bfc062723c751e8b465ee728b)  -> (artifact id: '718c3486c268b4e5debedec4359d3b67') in 0.022550 seconds
  Import took 0.025215 seconds .

========================================================================
Received Import Request.
  Time since last request: 0.000264 seconds.
  path: Assets/roundel_7-512.png
  artifactKey: Guid(6d30aa927b8e8074d849cd3698e37d9a) Importer(815301076,1909f56bfc062723c751e8b465ee728b)
Start importing Assets/roundel_7-512.png using Guid(6d30aa927b8e8074d849cd3698e37d9a) Importer(815301076,1909f56bfc062723c751e8b465ee728b)  -> (artifact id: '6f575ac65998cc65070345e34d77ed9e') in 0.030323 seconds
  Import took 0.032908 seconds .

========================================================================
Received Import Request.
  Time since last request: 0.000256 seconds.
  path: Assets/img_52355.png
  artifactKey: Guid(acb8295a493d6174bbef2e2b48d12b5f) Importer(815301076,1909f56bfc062723c751e8b465ee728b)
Start importing Assets/img_52355.png using Guid(acb8295a493d6174bbef2e2b48d12b5f) Importer(815301076,1909f56bfc062723c751e8b465ee728b)  -> (artifact id: '71e8ed30b836ad4c03a794794e6fe584') in 0.026461 seconds
  Import took 0.029398 seconds .

========================================================================
Received Import Request.
  Time since last request: 0.001887 seconds.
  path: Assets/img_52355.png
  artifactKey: Guid(acb8295a493d6174bbef2e2b48d12b5f) Importer(815301076,1909f56bfc062723c751e8b465ee728b)
Start importing Assets/img_52355.png using Guid(acb8295a493d6174bbef2e2b48d12b5f) Importer(815301076,1909f56bfc062723c751e8b465ee728b)  -> (artifact id: '71e8ed30b836ad4c03a794794e6fe584') in 0.023918 seconds
  Import took 0.026328 seconds .

========================================================================
Received Prepare
Registering precompiled user dll's ...
Registered in 0.001011 seconds.
Begin MonoManager ReloadAssembly
Native extension for WindowsStandalone target not found
Refreshing native plugins compatible for Editor in 0.62 ms, found 0 plugins.
Preloading 0 native plugins for Editor in 0.00 ms.
Invoked RoslynAnalysisRunner static constructor.
RoslynAnalysisRunner will not be running.
RoslynAnalysisRunner has terminated.
Mono: successfully reloaded assembly
- Completed reload, in  1.057 seconds
Platform modules already initialized, skipping
Refreshing native plugins compatible for Editor in 0.53 ms, found 0 plugins.
Preloading 0 native plugins for Editor in 0.00 ms.
Unloading 1111 Unused Serialized files (Serialized files now loaded: 0)
System memory in use before: 59.6 MB.
System memory in use after: 59.7 MB.

Unloading 4 unused Assets to reduce memory usage. Loaded Objects now: 1567.
Total: 4.375900 ms (FindLiveObjects: 0.260300 ms CreateObjectMapping: 0.052600 ms MarkObjects: 4.005500 ms  DeleteObjects: 0.054800 ms)

========================================================================
Received Prepare
Registering precompiled user dll's ...
Registered in 0.001550 seconds.
Begin MonoManager ReloadAssembly
Native extension for WindowsStandalone target not found
Refreshing native plugins compatible for Editor in 0.26 ms, found 0 plugins.
Preloading 0 native plugins for Editor in 0.00 ms.
Invoked RoslynAnalysisRunner static constructor.
RoslynAnalysisRunner will not be running.
RoslynAnalysisRunner has terminated.
Mono: successfully reloaded assembly
- Completed reload, in  1.041 seconds
Platform modules already initialized, skipping
Refreshing native plugins compatible for Editor in 0.22 ms, found 0 plugins.
Preloading 0 native plugins for Editor in 0.00 ms.
Unloading 1112 Unused Serialized files (Serialized files now loaded: 0)
System memory in use before: 59.7 MB.
System memory in use after: 59.8 MB.

Unloading 4 unused Assets to reduce memory usage. Loaded Objects now: 1569.
Total: 2.231300 ms (FindLiveObjects: 0.283000 ms CreateObjectMapping: 0.082800 ms MarkObjects: 1.849300 ms  DeleteObjects: 0.013600 ms)

========================================================================
Received Prepare
Registering precompiled user dll's ...
Registered in 0.000895 seconds.
Begin MonoManager ReloadAssembly
Native extension for WindowsStandalone target not found
Refreshing native plugins compatible for Editor in 0.33 ms, found 0 plugins.
Preloading 0 native plugins for Editor in 0.00 ms.
Invoked RoslynAnalysisRunner static constructor.
RoslynAnalysisRunner will not be running.
RoslynAnalysisRunner has terminated.
Mono: successfully reloaded assembly
- Completed reload, in  0.952 seconds
Platform modules already initialized, skipping
Refreshing native plugins compatible for Editor in 0.42 ms, found 0 plugins.
Preloading 0 native plugins for Editor in 0.00 ms.
Unloading 1112 Unused Serialized files (Serialized files now loaded: 0)
System memory in use before: 59.8 MB.
System memory in use after: 59.9 MB.

Unloading 4 unused Assets to reduce memory usage. Loaded Objects now: 1571.
Total: 2.902600 ms (FindLiveObjects: 0.331400 ms CreateObjectMapping: 0.078200 ms MarkObjects: 2.472700 ms  DeleteObjects: 0.019000 ms)

========================================================================
Received Import Request.
  Time since last request: 1827.410103 seconds.
  path: Assets/Scripts/GameObjectScripts/VisualFillBox.cs
  artifactKey: Guid(b0af9d21786431b4eb31b4f110de858a) Importer(815301076,1909f56bfc062723c751e8b465ee728b)
Start importing Assets/Scripts/GameObjectScripts/VisualFillBox.cs using Guid(b0af9d21786431b4eb31b4f110de858a) Importer(815301076,1909f56bfc062723c751e8b465ee728b)  -> (artifact id: '07cc341c54039ca3a408421606d990fb') in 0.017439 seconds
  Import took 0.019577 seconds .

========================================================================
Received Import Request.
  Time since last request: 0.060795 seconds.
  path: Assets/Scripts/GameObjectScripts/VisualFillBox.cs
  artifactKey: Guid(b0af9d21786431b4eb31b4f110de858a) Importer(815301076,1909f56bfc062723c751e8b465ee728b)
Start importing Assets/Scripts/GameObjectScripts/VisualFillBox.cs using Guid(b0af9d21786431b4eb31b4f110de858a) Importer(815301076,1909f56bfc062723c751e8b465ee728b)  -> (artifact id: '07cc341c54039ca3a408421606d990fb') in 0.002343 seconds
  Import took 0.004113 seconds .

========================================================================
Received Import Request.
  Time since last request: 0.089109 seconds.
  path: Assets/Scripts/GameObjectScripts/VisualTrainLine.cs
  artifactKey: Guid(7d3aff846ff23fd449d8a81b5690c1da) Importer(815301076,1909f56bfc062723c751e8b465ee728b)
Start importing Assets/Scripts/GameObjectScripts/VisualTrainLine.cs using Guid(7d3aff846ff23fd449d8a81b5690c1da) Importer(815301076,1909f56bfc062723c751e8b465ee728b)  -> (artifact id: '2a0fc1a657608f377ace9c75ecf4a1fd') in 0.007913 seconds
  Import took 0.010256 seconds .

========================================================================
Received Import Request.
  Time since last request: 0.667249 seconds.
  path: Assets/Scripts/GameObjectScripts/VisualTrainStation.cs
  artifactKey: Guid(9e2825ca63ea4b14a8fc5e8f5c96268b) Importer(815301076,1909f56bfc062723c751e8b465ee728b)
Start importing Assets/Scripts/GameObjectScripts/VisualTrainStation.cs using Guid(9e2825ca63ea4b14a8fc5e8f5c96268b) Importer(815301076,1909f56bfc062723c751e8b465ee728b)  -> (artifact id: '5ff3b120bc7a5e932952ee3611be1cca') in 0.016464 seconds
  Import took 0.018957 seconds .

========================================================================
Received Import Request.
  Time since last request: 7.239823 seconds.
  path: Assets/Scripts/Osaka.png
  artifactKey: Guid(69564ab8a5a85c54e8cbcca17f614fc7) Importer(815301076,1909f56bfc062723c751e8b465ee728b)
Start importing Assets/Scripts/Osaka.png using Guid(69564ab8a5a85c54e8cbcca17f614fc7) Importer(815301076,1909f56bfc062723c751e8b465ee728b)  -> (artifact id: 'c1fdfd8dc204c32d279813975e307dba') in 0.088428 seconds
  Import took 0.090568 seconds .

========================================================================
Received Prepare
Registering precompiled user dll's ...
Registered in 0.000873 seconds.
Begin MonoManager ReloadAssembly
Native extension for WindowsStandalone target not found
Refreshing native plugins compatible for Editor in 0.25 ms, found 0 plugins.
Preloading 0 native plugins for Editor in 0.00 ms.
Invoked RoslynAnalysisRunner static constructor.
RoslynAnalysisRunner will not be running.
RoslynAnalysisRunner has terminated.
Mono: successfully reloaded assembly
- Completed reload, in  2.838 seconds
Platform modules already initialized, skipping
Refreshing native plugins compatible for Editor in 0.51 ms, found 0 plugins.
Preloading 0 native plugins for Editor in 0.00 ms.
Unloading 1112 Unused Serialized files (Serialized files now loaded: 0)
System memory in use before: 59.8 MB.
System memory in use after: 59.9 MB.

Unloading 4 unused Assets to reduce memory usage. Loaded Objects now: 1576.
Total: 14.109000 ms (FindLiveObjects: 0.872600 ms CreateObjectMapping: 0.108800 ms MarkObjects: 13.073200 ms  DeleteObjects: 0.051300 ms)

========================================================================
Received Import Request.
  Time since last request: 211291.610677 seconds.
  path: Assets/Scripts/GameObjectScripts/VisualFillBox.cs
  artifactKey: Guid(b0af9d21786431b4eb31b4f110de858a) Importer(815301076,1909f56bfc062723c751e8b465ee728b)
Start importing Assets/Scripts/GameObjectScripts/VisualFillBox.cs using Guid(b0af9d21786431b4eb31b4f110de858a) Importer(815301076,1909f56bfc062723c751e8b465ee728b)  -> (artifact id: 'ac19e7e9ef405cbaab68b42fb2eb4700') in 0.038926 seconds
  Import took 0.042442 seconds .

========================================================================
Received Prepare
Registering precompiled user dll's ...
Registered in 0.000922 seconds.
Begin MonoManager ReloadAssembly
Native extension for WindowsStandalone target not found
Refreshing native plugins compatible for Editor in 0.81 ms, found 0 plugins.
Preloading 0 native plugins for Editor in 0.00 ms.
Invoked RoslynAnalysisRunner static constructor.
RoslynAnalysisRunner will not be running.
RoslynAnalysisRunner has terminated.
Mono: successfully reloaded assembly
- Completed reload, in  1.745 seconds
Platform modules already initialized, skipping
Refreshing native plugins compatible for Editor in 0.38 ms, found 0 plugins.
Preloading 0 native plugins for Editor in 0.00 ms.
Unloading 1112 Unused Serialized files (Serialized files now loaded: 0)
System memory in use before: 59.9 MB.
System memory in use after: 60.0 MB.

Unloading 4 unused Assets to reduce memory usage. Loaded Objects now: 1578.
Total: 1.889300 ms (FindLiveObjects: 0.198100 ms CreateObjectMapping: 0.107300 ms MarkObjects: 1.564400 ms  DeleteObjects: 0.018000 ms)

========================================================================
Received Prepare
Registering precompiled user dll's ...
Registered in 0.001112 seconds.
Begin MonoManager ReloadAssembly
Native extension for WindowsStandalone target not found
Refreshing native plugins compatible for Editor in 0.25 ms, found 0 plugins.
Preloading 0 native plugins for Editor in 0.00 ms.
Invoked RoslynAnalysisRunner static constructor.
RoslynAnalysisRunner will not be running.
RoslynAnalysisRunner has terminated.
Mono: successfully reloaded assembly
- Completed reload, in  1.446 seconds
Platform modules already initialized, skipping
Refreshing native plugins compatible for Editor in 0.64 ms, found 0 plugins.
Preloading 0 native plugins for Editor in 0.00 ms.
Unloading 1112 Unused Serialized files (Serialized files now loaded: 0)
System memory in use before: 59.9 MB.
System memory in use after: 60.0 MB.

Unloading 4 unused Assets to reduce memory usage. Loaded Objects now: 1580.
Total: 4.224400 ms (FindLiveObjects: 0.406300 ms CreateObjectMapping: 0.088200 ms MarkObjects: 3.686300 ms  DeleteObjects: 0.040300 ms)

========================================================================
Received Prepare
Registering precompiled user dll's ...
Registered in 0.001077 seconds.
Begin MonoManager ReloadAssembly
Native extension for WindowsStandalone target not found
Refreshing native plugins compatible for Editor in 0.75 ms, found 0 plugins.
Preloading 0 native plugins for Editor in 0.00 ms.
Invoked RoslynAnalysisRunner static constructor.
RoslynAnalysisRunner will not be running.
RoslynAnalysisRunner has terminated.
Mono: successfully reloaded assembly
- Completed reload, in  1.040 seconds
Platform modules already initialized, skipping
Refreshing native plugins compatible for Editor in 0.51 ms, found 0 plugins.
Preloading 0 native plugins for Editor in 0.00 ms.
Unloading 1112 Unused Serialized files (Serialized files now loaded: 0)
System memory in use before: 60.0 MB.
System memory in use after: 60.1 MB.

Unloading 4 unused Assets to reduce memory usage. Loaded Objects now: 1582.
Total: 12.492500 ms (FindLiveObjects: 10.306800 ms CreateObjectMapping: 0.097600 ms MarkObjects: 2.059000 ms  DeleteObjects: 0.027600 ms)

========================================================================
Received Import Request.
  Time since last request: 39702.566658 seconds.
  path: Assets/Scripts/GameObjectScripts/VisualFillBox.cs
  artifactKey: Guid(b0af9d21786431b4eb31b4f110de858a) Importer(815301076,1909f56bfc062723c751e8b465ee728b)
Start importing Assets/Scripts/GameObjectScripts/VisualFillBox.cs using Guid(b0af9d21786431b4eb31b4f110de858a) Importer(815301076,1909f56bfc062723c751e8b465ee728b)  -> (artifact id: 'd3568ddee97384b7d3065229d6945e11') in 0.011360 seconds
  Import took 0.014529 seconds .

========================================================================
Received Prepare
Registering precompiled user dll's ...
Registered in 0.001436 seconds.
Begin MonoManager ReloadAssembly
Native extension for WindowsStandalone target not found
Refreshing native plugins compatible for Editor in 0.26 ms, found 0 plugins.
Preloading 0 native plugins for Editor in 0.00 ms.
Invoked RoslynAnalysisRunner static constructor.
RoslynAnalysisRunner will not be running.
RoslynAnalysisRunner has terminated.
Mono: successfully reloaded assembly
- Completed reload, in  0.859 seconds
Platform modules already initialized, skipping
Refreshing native plugins compatible for Editor in 0.38 ms, found 0 plugins.
Preloading 0 native plugins for Editor in 0.00 ms.
Unloading 1112 Unused Serialized files (Serialized files now loaded: 0)
System memory in use before: 60.0 MB.
System memory in use after: 60.1 MB.

Unloading 4 unused Assets to reduce memory usage. Loaded Objects now: 1584.
Total: 2.111000 ms (FindLiveObjects: 0.225500 ms CreateObjectMapping: 0.054000 ms MarkObjects: 1.759900 ms  DeleteObjects: 0.067900 ms)

========================================================================
Received Prepare
Registering precompiled user dll's ...
Registered in 0.000720 seconds.
Begin MonoManager ReloadAssembly
Native extension for WindowsStandalone target not found
Refreshing native plugins compatible for Editor in 0.53 ms, found 0 plugins.
Preloading 0 native plugins for Editor in 0.00 ms.
Invoked RoslynAnalysisRunner static constructor.
RoslynAnalysisRunner will not be running.
RoslynAnalysisRunner has terminated.
Mono: successfully reloaded assembly
- Completed reload, in  1.401 seconds
Platform modules already initialized, skipping
Refreshing native plugins compatible for Editor in 0.47 ms, found 0 plugins.
Preloading 0 native plugins for Editor in 0.00 ms.
Unloading 1112 Unused Serialized files (Serialized files now loaded: 0)
System memory in use before: 60.1 MB.
System memory in use after: 60.2 MB.

Unloading 4 unused Assets to reduce memory usage. Loaded Objects now: 1586.
Total: 12.397700 ms (FindLiveObjects: 2.062200 ms CreateObjectMapping: 1.586900 ms MarkObjects: 8.709900 ms  DeleteObjects: 0.029600 ms)

========================================================================
Received Prepare
Registering precompiled user dll's ...
Registered in 0.000975 seconds.
Begin MonoManager ReloadAssembly
Native extension for WindowsStandalone target not found
Refreshing native plugins compatible for Editor in 0.26 ms, found 0 plugins.
Preloading 0 native plugins for Editor in 0.00 ms.
Invoked RoslynAnalysisRunner static constructor.
RoslynAnalysisRunner will not be running.
RoslynAnalysisRunner has terminated.
Mono: successfully reloaded assembly
- Completed reload, in  0.959 seconds
Platform modules already initialized, skipping
Refreshing native plugins compatible for Editor in 0.20 ms, found 0 plugins.
Preloading 0 native plugins for Editor in 0.00 ms.
Unloading 1112 Unused Serialized files (Serialized files now loaded: 0)
System memory in use before: 60.1 MB.
System memory in use after: 60.2 MB.

Unloading 4 unused Assets to reduce memory usage. Loaded Objects now: 1588.
Total: 1.541300 ms (FindLiveObjects: 0.117900 ms CreateObjectMapping: 0.031400 ms MarkObjects: 1.377900 ms  DeleteObjects: 0.013200 ms)

========================================================================
Received Prepare
Registering precompiled user dll's ...
Registered in 0.000743 seconds.
Begin MonoManager ReloadAssembly
Native extension for WindowsStandalone target not found
Refreshing native plugins compatible for Editor in 0.21 ms, found 0 plugins.
Preloading 0 native plugins for Editor in 0.00 ms.
Invoked RoslynAnalysisRunner static constructor.
RoslynAnalysisRunner will not be running.
RoslynAnalysisRunner has terminated.
Mono: successfully reloaded assembly
- Completed reload, in  0.898 seconds
Platform modules already initialized, skipping
Refreshing native plugins compatible for Editor in 0.21 ms, found 0 plugins.
Preloading 0 native plugins for Editor in 0.00 ms.
Unloading 1112 Unused Serialized files (Serialized files now loaded: 0)
System memory in use before: 60.1 MB.
System memory in use after: 60.2 MB.

Unloading 4 unused Assets to reduce memory usage. Loaded Objects now: 1590.
Total: 1.527600 ms (FindLiveObjects: 0.151800 ms CreateObjectMapping: 0.042800 ms MarkObjects: 1.319000 ms  DeleteObjects: 0.012900 ms)

